Detecting compiler hash for triplet x64-windows...
Compiler found: C:/Program Files (x86)/Microsoft Visual Studio/2022/BuildTools/VC/Tools/MSVC/14.44.35207/bin/Hostx64/x64/cl.exe
The following packages are already installed:
  * abseil:x64-windows@20250814.1
    ceres[core,eigensparse,schur]:x64-windows@2.2.0#6
    eigen3:x64-windows@5.0.1
  * flatbuffers:x64-windows@25.12.19
  * gflags:x64-windows@2.3.0
  * gklib:x64-windows@2025-07-06#1
  * glog:x64-windows@0.7.1#1
  * libjpeg-turbo:x64-windows@3.1.3
  * liblzma:x64-windows@5.8.2
  * libpng:x64-windows@1.6.55
  * libwebp[core,libwebpmux,nearlossless,simd,unicode]:x64-windows@1.6.0#2
  * metis:x64-windows@2025-07-04#1
    opencv4[calib3d,core,directml,dnn,dshow,fs,gapi,highgui,intrinsics,jpeg,msmf,png,quirc,thread,tiff,webp,win32ui]:x64-windows@4.12.0#1
  * protobuf:x64-windows@6.33.4#1
  * quirc:x64-windows@1.2
  * tiff[core,jpeg,lzma,zip]:x64-windows@4.7.1
  * utf8-range:x64-windows@6.33.4
  * vcpkg-cmake:x64-windows@2024-04-23
  * vcpkg-cmake-config:x64-windows@2024-05-23
  * vcpkg-get-python-packages:x64-windows@2025-04-05
  * zlib:x64-windows@1.3.1
eigen3 provides CMake targets:

  # this is heuristically generated, and may not be correct
  find_package(Eigen3 CONFIG REQUIRED)
  target_link_libraries(main PRIVATE Eigen3::Eigen)

eigen3 provides pkg-config modules:

  # A C++ template library for linear algebra: vectors, matrices, and related algorithms
  eigen3

ceres provides CMake targets:

  # this is heuristically generated, and may not be correct
  find_package(Ceres CONFIG REQUIRED)
  target_link_libraries(main PRIVATE Ceres::ceres)

opencv4 is compatible with built-in CMake variables. In case of multiple OpenCV version installed, set OpenCV_ROOT *before* the find_package call:

    set(OpenCV_ROOT "${VCPKG_INSTALLED_DIR}/x64-windows/share/opencv4")
    find_package(OpenCV REQUIRED)

All requested installations completed successfully in: 1.7 ms
