-- The C compiler identification is MSVC 19.44.35223.0
-- The CXX compiler identification is MSVC 19.44.35223.0
-- Detecting C compiler ABI info
-- Detecting C compiler ABI info - done
-- Check for working C compiler: C:/Program Files (x86)/Microsoft Visual Studio/2022/BuildTools/VC/Tools/MSVC/14.44.35207/bin/Hostx64/x64/cl.exe - skipped
-- Detecting C compile features
-- Detecting C compile features - done
-- Detecting CXX compiler ABI info
-- Detecting CXX compiler ABI info - done
-- Check for working CXX compiler: C:/Program Files (x86)/Microsoft Visual Studio/2022/BuildTools/VC/Tools/MSVC/14.44.35207/bin/Hostx64/x64/cl.exe - skipped
-- Detecting CXX compile features
-- Detecting CXX compile features - done
-- 
-- Use the C++ compiler to compile (MI_USE_CXX=ON)
-- 
-- Library base name: mimalloc
-- Version          : 2.0
-- Build type       : release
-- C++ Compiler     : C:/Program Files (x86)/Microsoft Visual Studio/2022/BuildTools/VC/Tools/MSVC/14.44.35207/bin/Hostx64/x64/cl.exe
-- Compiler flags   : /Zc:__cplusplus
-- Compiler defines : 
-- Link libraries   : psapi;shell32;user32;advapi32;bcrypt
-- Build targets    : static
-- 
-- Configuring done (18.7s)
-- Generating done (0.3s)
-- Build files have been written to: C:/Users/nengj/OneDrive/Desktop/VSLAM/build_hybrid/arrow/src/arrow_cpp-build/mimalloc_ep-prefix/src/mimalloc_ep-build
